# JRE version: OpenJDK Runtime Environment (8.0_265-b01) (build 1.8.0_265-b01)
# Java VM: OpenJDK 64-Bit Server VM (25.265-b01 mixed mode windows-amd64 compressed oops)
Heap:
 PSYoungGen      total 70656K, used 4213K [0x00000000d6000000, 0x00000000dfd00000, 0x0000000100000000)
  eden space 65536K, 6% used [0x00000000d6000000,0x00000000d641d768,0x00000000da000000)
  from space 5120K, 0% used [0x00000000da000000,0x00000000da000000,0x00000000da500000)
  to   space 14848K, 0% used [0x00000000dee80000,0x00000000dee80000,0x00000000dfd00000)
 ParOldGen       total 84992K, used 22012K [0x0000000082000000, 0x0000000087300000, 0x00000000d6000000)
  object space 84992K, 25% used [0x0000000082000000,0x000000008357f2b8,0x0000000087300000)
 Metaspace       used 21349K, capacity 21642K, committed 21760K, reserved 1069056K
  class space    used 2686K, capacity 2757K, committed 2816K, reserved 1048576K
GC Heap History (10 events):
Event: 0.866 GC heap before
{Heap before GC invocations=2 (full 0):
 PSYoungGen      total 37888K, used 37863K [0x00000000d6000000, 0x00000000d8a00000, 0x0000000100000000)
  eden space 32768K, 100% used [0x00000000d6000000,0x00000000d8000000,0x00000000d8000000)
  from space 5120K, 99% used [0x00000000d8000000,0x00000000d84f9e50,0x00000000d8500000)
  to   space 5120K, 0% used [0x00000000d8500000,0x00000000d8500000,0x00000000d8a00000)
 ParOldGen       total 86016K, used 1749K [0x0000000082000000, 0x0000000087400000, 0x00000000d6000000)
  object space 86016K, 2% used [0x0000000082000000,0x00000000821b5660,0x0000000087400000)
 Metaspace       used 8476K, capacity 8604K, committed 8832K, reserved 1056768K
  class space    used 1018K, capacity 1076K, committed 1152K, reserved 1048576K
Event: 0.873 GC heap after
Heap after GC invocations=2 (full 0):
 PSYoungGen      total 37888K, used 5093K [0x00000000d6000000, 0x00000000daa00000, 0x0000000100000000)
  eden space 32768K, 0% used [0x00000000d6000000,0x00000000d6000000,0x00000000d8000000)
  from space 5120K, 99% used [0x00000000d8500000,0x00000000d89f9610,0x00000000d8a00000)
  to   space 5120K, 0% used [0x00000000d8000000,0x00000000d8000000,0x00000000d8500000)
 ParOldGen       total 86016K, used 12485K [0x0000000082000000, 0x0000000087400000, 0x00000000d6000000)
  object space 86016K, 14% used [0x0000000082000000,0x0000000082c31408,0x0000000087400000)
 Metaspace       used 8476K, capacity 8604K, committed 8832K, reserved 1056768K
  class space    used 1018K, capacity 1076K, committed 1152K, reserved 1048576K
}
Event: 1.243 GC heap before
{Heap before GC invocations=3 (full 0):
 PSYoungGen      total 37888K, used 37861K [0x00000000d6000000, 0x00000000daa00000, 0x0000000100000000)
  eden space 32768K, 100% used [0x00000000d6000000,0x00000000d8000000,0x00000000d8000000)
  from space 5120K, 99% used [0x00000000d8500000,0x00000000d89f9610,0x00000000d8a00000)
  to   space 5120K, 0% used [0x00000000d8000000,0x00000000d8000000,0x00000000d8500000)
 ParOldGen       total 86016K, used 12485K [0x0000000082000000, 0x0000000087400000, 0x00000000d6000000)
  object space 86016K, 14% used [0x0000000082000000,0x0000000082c31408,0x0000000087400000)
 Metaspace       used 11944K, capacity 12104K, committed 12416K, reserved 1060864K
  class space    used 1502K, capacity 1558K, committed 1664K, reserved 1048576K
Event: 1.250 GC heap after
Heap after GC invocations=3 (full 0):
 PSYoungGen      total 37888K, used 5102K [0x00000000d6000000, 0x00000000daa00000, 0x0000000100000000)
  eden space 32768K, 0% used [0x00000000d6000000,0x00000000d6000000,0x00000000d8000000)
  from space 5120K, 99% used [0x00000000d8000000,0x00000000d84fb850,0x00000000d8500000)
  to   space 5120K, 0% used [0x00000000da500000,0x00000000da500000,0x00000000daa00000)
 ParOldGen       total 86016K, used 18523K [0x0000000082000000, 0x0000000087400000, 0x00000000d6000000)
  object space 86016K, 21% used [0x0000000082000000,0x0000000083216c28,0x0000000087400000)
 Metaspace       used 11944K, capacity 12104K, committed 12416K, reserved 1060864K
  class space    used 1502K, capacity 1558K, committed 1664K, reserved 1048576K
}
Event: 1.712 GC heap before
{Heap before GC invocations=4 (full 0):
 PSYoungGen      total 37888K, used 37870K [0x00000000d6000000, 0x00000000daa00000, 0x0000000100000000)
  eden space 32768K, 100% used [0x00000000d6000000,0x00000000d8000000,0x00000000d8000000)
  from space 5120K, 99% used [0x00000000d8000000,0x00000000d84fb850,0x00000000d8500000)
  to   space 5120K, 0% used [0x00000000da500000,0x00000000da500000,0x00000000daa00000)
 ParOldGen       total 86016K, used 18523K [0x0000000082000000, 0x0000000087400000, 0x00000000d6000000)
  object space 86016K, 21% used [0x0000000082000000,0x0000000083216c28,0x0000000087400000)
 Metaspace       used 15957K, capacity 16094K, committed 16256K, reserved 1062912K
  class space    used 2065K, capacity 2111K, committed 2176K, reserved 1048576K
Event: 1.721 GC heap after
Heap after GC invocations=4 (full 0):
 PSYoungGen      total 70656K, used 5117K [0x00000000d6000000, 0x00000000daa00000, 0x0000000100000000)
  eden space 65536K, 0% used [0x00000000d6000000,0x00000000d6000000,0x00000000da000000)
  from space 5120K, 99% used [0x00000000da500000,0x00000000da9ff480,0x00000000daa00000)
  to   space 5120K, 0% used [0x00000000da000000,0x00000000da000000,0x00000000da500000)
 ParOldGen       total 86016K, used 25429K [0x0000000082000000, 0x0000000087400000, 0x00000000d6000000)
  object space 86016K, 29% used [0x0000000082000000,0x00000000838d5790,0x0000000087400000)
 Metaspace       used 15957K, capacity 16094K, committed 16256K, reserved 1062912K
  class space    used 2065K, capacity 2111K, committed 2176K, reserved 1048576K
}
Event: 3.605 GC heap before
{Heap before GC invocations=5 (full 0):
 PSYoungGen      total 70656K, used 65382K [0x00000000d6000000, 0x00000000daa00000, 0x0000000100000000)
  eden space 65536K, 91% used [0x00000000d6000000,0x00000000d9ada690,0x00000000da000000)
  from space 5120K, 99% used [0x00000000da500000,0x00000000da9ff480,0x00000000daa00000)
  to   space 5120K, 0% used [0x00000000da000000,0x00000000da000000,0x00000000da500000)
 ParOldGen       total 86016K, used 25429K [0x0000000082000000, 0x0000000087400000, 0x00000000d6000000)
  object space 86016K, 29% used [0x0000000082000000,0x00000000838d5790,0x0000000087400000)
 Metaspace       used 20867K, capacity 21066K, committed 21248K, reserved 1067008K
  class space    used 2622K, capacity 2693K, committed 2816K, reserved 1048576K
Event: 3.624 GC heap after
Heap after GC invocations=5 (full 0):
 PSYoungGen      total 70656K, used 5117K [0x00000000d6000000, 0x00000000dfd00000, 0x0000000100000000)
  eden space 65536K, 0% used [0x00000000d6000000,0x00000000d6000000,0x00000000da000000)
  from space 5120K, 99% used [0x00000000da000000,0x00000000da4ff460,0x00000000da500000)
  to   space 14848K, 0% used [0x00000000dee80000,0x00000000dee80000,0x00000000dfd00000)
 ParOldGen       total 86016K, used 31754K [0x0000000082000000, 0x0000000087400000, 0x00000000d6000000)
  object space 86016K, 36% used [0x0000000082000000,0x0000000083f02a90,0x0000000087400000)
 Metaspace       used 20867K, capacity 21066K, committed 21248K, reserved 1067008K
  class space    used 2622K, capacity 2693K, committed 2816K, reserved 1048576K
}
Event: 3.624 GC heap before
{Heap before GC invocations=6 (full 1):
 PSYoungGen      total 70656K, used 5117K [0x00000000d6000000, 0x00000000dfd00000, 0x0000000100000000)
  eden space 65536K, 0% used [0x00000000d6000000,0x00000000d6000000,0x00000000da000000)
  from space 5120K, 99% used [0x00000000da000000,0x00000000da4ff460,0x00000000da500000)
  to   space 14848K, 0% used [0x00000000dee80000,0x00000000dee80000,0x00000000dfd00000)
 ParOldGen       total 86016K, used 31754K [0x0000000082000000, 0x0000000087400000, 0x00000000d6000000)
  object space 86016K, 36% used [0x0000000082000000,0x0000000083f02a90,0x0000000087400000)
 Metaspace       used 20867K, capacity 21066K, committed 21248K, reserved 1067008K
  class space    used 2622K, capacity 2693K, committed 2816K, reserved 1048576K
Event: 3.713 GC heap after
Heap after GC invocations=6 (full 1):
 PSYoungGen      total 70656K, used 0K [0x00000000d6000000, 0x00000000dfd00000, 0x0000000100000000)
  eden space 65536K, 0% used [0x00000000d6000000,0x00000000d6000000,0x00000000da000000)
  from space 5120K, 0% used [0x00000000da000000,0x00000000da000000,0x00000000da500000)
  to   space 14848K, 0% used [0x00000000dee80000,0x00000000dee80000,0x00000000dfd00000)
 ParOldGen       total 84992K, used 22012K [0x0000000082000000, 0x0000000087300000, 0x00000000d6000000)
  object space 84992K, 25% used [0x0000000082000000,0x000000008357f2b8,0x0000000087300000)
 Metaspace       used 20867K, capacity 21066K, committed 21248K, reserved 1067008K
  class space    used 2622K, capacity 2693K, committed 2816K, reserved 1048576K
}

